job=20100612.182721.pedtrain_nicta_greendot_retraining_3_conf01_absnorm_1_eta_.00001_use_shrink_0 classes=20100612.182721.pedtrain_nicta_greendot_retraining_3_conf01_absnorm_1_eta_.00001_use_shrink_0_classes.mat config=/home/sermanet/greendotdata/pedestrians//out/pedtrain_nicta_greendot_20100530.204131//20100612.182721.pedtrain_nicta_greendot_retraining_3/20100612.182721.pedtrain_nicta_greendot_retraining_3_conf01_absnorm_1_eta_.00001_use_shrink_0/20100612.182721.pedtrain_nicta_greendot_retraining_3_conf01_absnorm_1_eta_.00001_use_shrink_0.conf
* Generic object recognition training demo
Not using Intel IPP.
loading configuration file: /home/sermanet/greendotdata/pedestrians//out/pedtrain_nicta_greendot_20100530.204131//20100612.182721.pedtrain_nicta_greendot_retraining_3/20100612.182721.pedtrain_nicta_greendot_retraining_3_conf01_absnorm_1_eta_.00001_use_shrink_0/20100612.182721.pedtrain_nicta_greendot_retraining_3_conf01_absnorm_1_eta_.00001_use_shrink_0.conf
_____________________ Configuration _____________________
absnorm : 1
balanced_training : 1
camera : directory
classes : ${root2}/20100612.182721.pedtrain_nicta_greendot_retraining_3_conf01_absnorm_1_eta_.00001_use_shrink_0_classes.mat
color : 0
display : 1
display_sleep : 0
ds : 1
dset : _nicta
dsname : ped_nicta_mean80x32_ker7_bg
eta : .00001
gain : 1
input_height : -1
input_max : 400
input_video_max_duration : 0
input_video_sstep : 0
input_width : -1
iterations : 2
job_name : 20100612.182721.pedtrain_nicta_greendot_retraining_3_conf01_absnorm_1_eta_.00001_use_shrink_0
koray : 1
koray_dir : /home/sermanet/koray/
machine : greendot
meta_analyze : 1
meta_command : /home/sermanet/greendotdata/pedestrians//out/pedtrain_nicta_greendot_20100530.204131//bin//objtrain
meta_email : pierre.sermanet@gmail.com
meta_email_iters : 0,1,2,5,7,10,15,20,30,50,75,100,200
meta_email_period : 1
meta_gnuplot_params : "set grid ytics;set ytics;set mytics;set grid mytics;set logscale y; set mxtics; set grid xtics; "
meta_max_cpus : 8
meta_minimize : test_errors,errors,test_energy,energy
meta_name : pedtrain_nicta_greendot_retraining_3
meta_output_dir : /home/sermanet/greendotdata/pedestrians//out/pedtrain_nicta_greendot_20100530.204131/
meta_send_best : 5
meta_send_email : 1
meta_sticky_vars : job,config,classes
meta_watch_interval : 30
min_sample_weight : 1
minimal_display : 1
mirror : 0
net_c1h : 9
net_c1w : 9
net_c2h : 7
net_c2w : 5
net_full : 100
net_ih : 80
net_iw : 32
net_s1h : 2
net_s1w : 2
net_s2h : 3
net_s2w : 2
net_type : cscsc
ninternals : 1
no_training_test : 1
normalization_size : 7
precamdir : ${root2}/
precamera : 0
qheight1 : 5
qheight2 : 5
qstep1 : 1
qstep2 : 50
queue1 : 0
queue2 : 0
qwidth1 : 2
qwidth2 : 5
resize : mean
retrain : 1
retrain_weights : /home/sermanet/greendotdata/pedestrians//out/pedtrain_nicta_greendot_20100530.204131//20100605.174930.pedtrain_nicta_greendot_retraining_2//best/01//20100605.174930.pedtrain_nicta_greendot_retraining_2_conf03_absnorm_1_eta_.000001_use_shrink_0_net002.mat
root : /home/sermanet/greendotdata/pedestrians/ds3
save_detections : 1
save_max : 25000
save_max_per_frame : 10
save_video : 0
save_video_fps : 5
scaling : 1.4
shuffle_passes : 1
table0 : /home/sermanet/koray//table0.mat
table1 : /home/sermanet/koray//table1.mat
table2 : /home/sermanet/koray//table2.mat
target_factor : 1.5
threshold : .99
train : ped_nicta_mean80x32_ker7_bg_train_1
train_display : 0
use_original_fps : 0
use_shrink : 0
use_tanh : 0
val : ped_nicta_mean80x32_ker7_bg_val_1
weights : ${root2}/${weights_file}
wkoray : enc736412.obj
wnorm : 0
wsamples : 1
_________________________________________________________
warning: duplicate variable name "net_type", using latest assignment: net_type=cscsc
warning: duplicate variable name "net_ih", using latest assignment: net_ih=80
warning: duplicate variable name "net_iw", using latest assignment: net_iw=32
warning: duplicate variable name "net_c1h", using latest assignment: net_c1h=9
warning: duplicate variable name "net_c1w", using latest assignment: net_c1w=9
warning: duplicate variable name "net_s1h", using latest assignment: net_s1h=2
warning: duplicate variable name "net_s1w", using latest assignment: net_s1w=2
warning: duplicate variable name "net_c2h", using latest assignment: net_c2h=7
warning: duplicate variable name "net_c2w", using latest assignment: net_c2w=5
warning: duplicate variable name "net_s2h", using latest assignment: net_s2h=3
warning: duplicate variable name "net_s2w", using latest assignment: net_s2w=2
warning: duplicate variable name "absnorm", using latest assignment: absnorm=1
warning: duplicate variable name "color", using latest assignment: color=0
warning: duplicate variable name "mirror", using latest assignment: mirror=0
warning: duplicate variable name "use_tanh", using latest assignment: use_tanh=0
warning: duplicate variable name "use_shrink", using latest assignment: use_shrink=0
warning: duplicate variable name "meta_output_dir", using latest assignment: meta_output_dir=/home/sermanet/greendotdata/pedestrians//out/pedtrain_nicta_greendot_20100530.204131/
warning: duplicate variable name "meta_command", using latest assignment: meta_command=/home/sermanet/greendotdata/pedestrians//out/pedtrain_nicta_greendot_20100530.204131//bin//objtrain
warning: duplicate variable name "meta_command", using latest assignment: meta_command=/home/sermanet/greendotdata/pedestrians//out/pedtrain_nicta_greendot_20100530.204131//bin//objtrain
warning: duplicate variable name "retrain", using latest assignment: retrain=1
warning: duplicate variable name "retrain_weights", using latest assignment: retrain_weights=/home/sermanet/greendotdata/pedestrians//out/pedtrain_nicta_greendot_20100530.204131//20100605.174930.pedtrain_nicta_greendot_retraining_2//best/01//20100605.174930.pedtrain_nicta_greendot_retraining_2_conf03_absnorm_1_eta_.000001_use_shrink_0_net002.mat
warning: duplicate variable name "meta_name", using latest assignment: meta_name=pedtrain_nicta_greendot_retraining_3
warning: duplicate variable name "meta_command", using latest assignment: meta_command=/home/sermanet/greendotdata/pedestrians//out/pedtrain_nicta_greendot_20100530.204131//bin//objtrain
warning: duplicate variable name "retrain", using latest assignment: retrain=1
warning: duplicate variable name "retrain_weights", using latest assignment: retrain_weights=/home/sermanet/greendotdata/pedestrians//out/pedtrain_nicta_greendot_20100530.204131//20100605.174930.pedtrain_nicta_greendot_retraining_2//best/01//20100605.174930.pedtrain_nicta_greendot_retraining_2_conf03_absnorm_1_eta_.000001_use_shrink_0_net002.mat
warning: duplicate variable name "meta_name", using latest assignment: meta_name=pedtrain_nicta_greendot_retraining_3
warning: duplicate variable name "meta_command", using latest assignment: meta_command=/home/sermanet/greendotdata/pedestrians//out/pedtrain_nicta_greendot_20100530.204131//bin//objtrain
warning: duplicate variable name "retrain", using latest assignment: retrain=1
warning: duplicate variable name "retrain_weights", using latest assignment: retrain_weights=/home/sermanet/greendotdata/pedestrians//out/pedtrain_nicta_greendot_20100530.204131//20100605.174930.pedtrain_nicta_greendot_retraining_2//best/01//20100605.174930.pedtrain_nicta_greendot_retraining_2_conf03_absnorm_1_eta_.000001_use_shrink_0_net002.mat
warning: duplicate variable name "meta_name", using latest assignment: meta_name=pedtrain_nicta_greendot_retraining_3
Setting training as balanced (taking class distributions into account).
Shuffling of samples (training only) after each pass is activated.
Weighing of samples (training only) based on classification is activated.
Weighing normalization (training only) is per class.
Dataset "train" contains 97092 samples of dimension 3x80x32 with 2 classes,
bias is 0, coefficient is 1 and iteration size in samples is 78446.
It has: 57869 "bg", and 39223 "ped".
Setting training as balanced (taking class distributions into account).
Shuffling of samples (training only) after each pass is activated.
Weighing of samples (training only) based on classification is activated.
Weighing normalization (training only) is per class.
Dataset "val" contains 12176 samples of dimension 3x80x32 with 2 classes,
bias is 0, coefficient is 1 and iteration size in samples is 10000.
It has: 7176 "bg", and 5000 "ped".
This is a testing set only.
Weighing of samples (training only) based on classification is activated.
Weighing normalization (training only) is global.
Shuffling of samples (training only) after each pass is activated.
Setting training as balanced (taking class distributions into account).
Targets:
[[ 1.5 -1.5 ]

 [ -1.5 1.5 ]
]
Loaded table0 (64x2) from /home/sermanet/koray//table0.mat
Loaded table1 (4096x2) from /home/sermanet/koray//table1.mat
Loaded table2 (512x2) from /home/sermanet/koray//table2.mat
Loaded weights from /home/sermanet/greendotdata/pedestrians//out/pedtrain_nicta_greendot_20100530.204131//20100605.174930.pedtrain_nicta_greendot_retraining_2//best/01//20100605.174930.pedtrain_nicta_greendot_retraining_2_conf03_absnorm_1_eta_.000001_use_shrink_0_net002.mat: 169986
Initializing some weights from koray.
machine sizes: 3x80x32 -> 64x72x24 -> 64x72x24 -> 64x72x24 -> 64x72x24 -> 64x72x24 -> 64x36x12 -> 256x30x8 -> 256x30x8 -> 256x30x8 -> 256x30x8 -> 256x30x8 -> 256x10x4 -> 2x1x1
trainable parameters: 169986
warning: convolution connection table is not using all inputs, the maximum input index used by the table is 0 but the input is 3x80x32
i=0 name=val [0]  sz=12176 test_energy=0.329031 test_errors=4.72055% test_overall_errors=5.06735% test_rejects=0% test_correct=95.2795% 
errors per class: test_bg_samples=7176 test_bg_errors=6.66109% test_ped_samples=5000 test_ped_errors=2.78% 

Training network with 97092 training samples and 12176 val samples for 2 iterations:
diaghessian inf: 0.00783099 sup: 49.4621 diaghessian_minutes=1.1
train_minutes=514.05
i=1 name=val [78446]  sz=12176 test_energy=0.657208 test_errors=7.08644% test_overall_errors=8.32786% test_rejects=0% test_correct=92.9136% 
errors per class: test_bg_samples=7176 test_bg_errors=14.0329% test_ped_samples=5000 test_ped_errors=0.14% 

test_minutes=32.7833
saving net to 20100612.182721.pedtrain_nicta_greendot_retraining_3_conf01_absnorm_1_eta_.00001_use_shrink_0_net001.mat
saved=20100612.182721.pedtrain_nicta_greendot_retraining_3_conf01_absnorm_1_eta_.00001_use_shrink_0_net001.mat
saving confusion to 20100612.182721.pedtrain_nicta_greendot_retraining_3_conf01_absnorm_1_eta_.00001_use_shrink_0_net001_confusion_test.mat
iteration_minutes=547.933
diaghessian inf: 0.110716 sup: 49.9929 diaghessian_minutes=1.11667
train_minutes=510.85
i=2 name=val [156892]  sz=12176 test_energy=0.267158 test_errors=2.92624% test_overall_errors=2.92378% test_rejects=0% test_correct=97.0738% 
errors per class: test_bg_samples=7176 test_bg_errors=2.91249% test_ped_samples=5000 test_ped_errors=2.94% 

test_minutes=32.5167
saving net to 20100612.182721.pedtrain_nicta_greendot_retraining_3_conf01_absnorm_1_eta_.00001_use_shrink_0_net002.mat
saved=20100612.182721.pedtrain_nicta_greendot_retraining_3_conf01_absnorm_1_eta_.00001_use_shrink_0_net002.mat
saving confusion to 20100612.182721.pedtrain_nicta_greendot_retraining_3_conf01_absnorm_1_eta_.00001_use_shrink_0_net002_confusion_test.mat
iteration_minutes=544.483
